Test fapi-rw-id2-discovery-end-point-verification 5BiHZdUt8SQRIF7 FINISHED - result FAILED. 26 log entries - 19 SUCCESS 1 FAILURE, 0 WARNING, 1.2 seconds

Test fapi-rw-id2 47uyRZrMHc8x64e INTERRUPTED - result FAILED. 74 log entries - 46 SUCCESS 3 FAILURE, 0 WARNING, 6.1 seconds

Test fapi-rw-id2-user-rejects-authentication lhVwbwDORhLWvIn FINISHED - result PASSED. 139 log entries - 80 SUCCESS 0 FAILURE, 0 WARNING, 6.1 seconds

Test fapi-rw-id2-ensure-request-object-with-multiple-aud-succeeds VLYleOtF9zKsjL3 INTERRUPTED - result FAILED. 74 log entries - 46 SUCCESS 3 FAILURE, 0 WARNING, 2.1 seconds

Test fapi-rw-id2-ensure-authorization-request-without-state-success 6zmxbkakSH2aSSn INTERRUPTED - result FAILED. 73 log entries - 44 SUCCESS 3 FAILURE, 0 WARNING, 2.1 seconds

Test fapi-rw-id2-ensure-valid-pkce-succeeds Kb65cOCjVJ3kl5m INTERRUPTED - result FAILED. 77 log entries - 47 SUCCESS 3 FAILURE, 0 WARNING, 2.1 seconds

Test fapi-rw-id2-ensure-other-scope-order-succeeds s3Vhqjv2triTg5x INTERRUPTED - result FAILED. 58 log entries - 39 SUCCESS 1 FAILURE, 0 WARNING, 1.0 seconds

Test fapi-rw-id2-ensure-response-mode-query 2HXyijBz48Ho36o FINISHED - result PASSED. 84 log entries - 55 SUCCESS 0 FAILURE, 0 WARNING, 2.1 seconds

Test fapi-rw-id2-ensure-different-nonce-inside-and-outside-request-object DQXTMav9uFoBpI3 FINISHED - result FAILED. 92 log entries - 54 SUCCESS 1 FAILURE, 0 WARNING, 3.1 seconds

Test fapi-rw-id2-ensure-registered-redirect-uri NtCC4FvhDfDgaKO FINISHED - result REVIEW. 73 log entries - 47 SUCCESS 0 FAILURE, 0 WARNING, 2.1 seconds

Test fapi-rw-id2-ensure-request-object-with-long-nonce k05sbMJvhxZdppZ INTERRUPTED - result FAILED. 75 log entries - 46 SUCCESS 3 FAILURE, 0 WARNING, 2.1 seconds

Test fapi-rw-id2-ensure-request-object-with-long-state ZgXbwjr9Bphw8zS INTERRUPTED - result FAILED. 75 log entries - 46 SUCCESS 3 FAILURE, 0 WARNING, 2.0 seconds

Test fapi-rw-id2-ensure-request-object-without-exp-fails 9xJcPe4wLDwSmPW FINISHED - result PASSED. 91 log entries - 53 SUCCESS 0 FAILURE, 0 WARNING, 3.0 seconds

Test fapi-rw-id2-ensure-request-object-without-scope-fails J0buQxjXLOE9kKO FINISHED - result PASSED. 92 log entries - 55 SUCCESS 0 FAILURE, 0 WARNING, 3.6 seconds

Test fapi-rw-id2-state-only-outside-request-object-not-used sEMigpgidS6OQpj FINISHED - result PASSED. 92 log entries - 54 SUCCESS 0 FAILURE, 0 WARNING, 3.1 seconds

Test fapi-rw-id2-ensure-request-object-without-nonce-fails aBGsZgxrq2a5FxF FINISHED - result FAILED. 92 log entries - 53 SUCCESS 1 FAILURE, 0 WARNING, 3.1 seconds

Test fapi-rw-id2-ensure-request-object-without-redirect-uri-fails CIFq7xXA6typ9vI FINISHED - result FAILED. 92 log entries - 54 SUCCESS 1 FAILURE, 0 WARNING, 3.0 seconds

Test fapi-rw-id2-ensure-expired-request-object-fails ROCQlnyZ64OHdn6 FINISHED - result FAILED. 91 log entries - 53 SUCCESS 1 FAILURE, 0 WARNING, 3.0 seconds

Test fapi-rw-id2-ensure-request-object-with-bad-aud-fails ivZcVdFQIqIM2Zp FINISHED - result FAILED. 91 log entries - 53 SUCCESS 1 FAILURE, 0 WARNING, 3.0 seconds

Test fapi-rw-id2-ensure-signed-request-object-with-RS256-fails vxst2xiOQTuGE0x FINISHED - result REVIEW. 72 log entries - 46 SUCCESS 0 FAILURE, 0 WARNING, 3.4 seconds

Test fapi-rw-id2-ensure-request-object-signature-algorithm-is-not-none ePQ23HzA6X7f5ZI INTERRUPTED - result FAILED. 71 log entries - 46 SUCCESS 2 FAILURE, 0 WARNING, 1.0 seconds

Test fapi-rw-id2-ensure-request-object-with-invalid-signature-fails h3krjQhwbxhRwns INTERRUPTED - result FAILED. 72 log entries - 47 SUCCESS 2 FAILURE, 0 WARNING, 1.6 seconds

Test fapi-rw-id2-ensure-matching-key-in-authorization-request tnLUWNeENy5HilA FINISHED - result FAILED. 92 log entries - 53 SUCCESS 1 FAILURE, 0 WARNING, 8.9 seconds

Test fapi-rw-id2-ensure-authorization-request-without-request-object-fails FxhMOBAITk3EY1y FINISHED - result REVIEW. 66 log entries - 40 SUCCESS 0 FAILURE, 0 WARNING, 2.1 seconds

Test fapi-rw-id2-ensure-redirect-uri-in-authorization-request FOZESOFJ7IH0gYY FINISHED - result REVIEW. 72 log entries - 46 SUCCESS 0 FAILURE, 0 WARNING, 2.1 seconds

Test fapi-rw-id2-ensure-response-type-code-fails 8B2pYwNDhZ1KjC1 FINISHED - result FAILED. 93 log entries - 55 SUCCESS 1 FAILURE, 0 WARNING, 3.1 seconds

Test fapi-rw-id2-ensure-client-id-in-token-endpoint 2vStqkz71z3x87u INTERRUPTED - result FAILED. 74 log entries - 46 SUCCESS 3 FAILURE, 0 WARNING, 2.1 seconds

Test fapi-rw-id2-ensure-mtls-holder-of-key-required t6oP9KfV0EskCEA INTERRUPTED - result FAILED. 96 log entries - 61 SUCCESS 3 FAILURE, 0 WARNING, 2.0 seconds

Test fapi-rw-id2-ensure-authorization-code-is-bound-to-client rPN4k60pDB4c1vW INTERRUPTED - result FAILED. 74 log entries - 46 SUCCESS 3 FAILURE, 0 WARNING, 2.0 seconds

Test fapi-rw-id2-ensure-signed-client-assertion-with-RS256-fails gTbX90W9JsAb0QU INTERRUPTED - result FAILED. 74 log entries - 46 SUCCESS 3 FAILURE, 0 WARNING, 5.4 seconds

Test fapi-rw-id2-ensure-client-assertion-in-token-endpoint Mu6Xeetz10tJv43 INTERRUPTED - result FAILED. 74 log entries - 46 SUCCESS 3 FAILURE, 0 WARNING, 5.1 seconds

Test fapi-rw-id2-ensure-client-assertion-with-exp-is-5-minutes-in-past-fails SSgdvtxBJkTHtit INTERRUPTED - result FAILED. 74 log entries - 46 SUCCESS 3 FAILURE, 0 WARNING, 4.1 seconds

Test fapi-rw-id2-ensure-client-assertion-with-wrong-aud-fails Iof6GvnnqS90j7h INTERRUPTED - result FAILED. 74 log entries - 46 SUCCESS 3 FAILURE, 0 WARNING, 2.4 seconds

Test fapi-rw-id2-ensure-client-assertion-with-no-sub-fails NfPTvOQJpxDxPWF INTERRUPTED - result FAILED. 74 log entries - 46 SUCCESS 3 FAILURE, 0 WARNING, 3.2 seconds

Test fapi-rw-id2-refresh-token 1LeKljQffpOwatc INTERRUPTED - result FAILED. 75 log entries - 47 SUCCESS 3 FAILURE, 0 WARNING, 4.1 seconds

Test fapi-rw-id2-attempt-reuse-authorisation-code-after-30seconds Q0wgoc3kJglmlCf INTERRUPTED - result FAILED. 74 log entries - 46 SUCCESS 3 FAILURE, 0 WARNING, 2.5 seconds

Test fapi-rw-id2-attempt-reuse-authorisation-code-after-one-second ZP22OOjOEcSSjMJ INTERRUPTED - result FAILED. 74 log entries - 46 SUCCESS 3 FAILURE, 0 WARNING, 2.0 seconds

